FILE [INFO ] 2022-02-02 13:55:13,356 main Sort Manager Logger - Sorter Type: bubble
FILE [INFO ] 2022-02-02 13:58:08,140 main Sort Manager Logger - Sorter Type: bubble
FILE [INFO ] 2022-02-02 13:59:55,072 main Sort Manager Logger - Sorter Type: bubble
FILE [INFO ] 2022-02-02 14:00:58,505 main Sort Manager Logger - Sorter Type: merge
FILE [INFO ] 2022-02-02 14:01:17,352 main Sort Manager Logger - Sorter Type: merge
FILE [INFO ] 2022-02-02 14:06:33,557 main Sort Manager Logger - Sorter Type: merge
FILE [INFO ] 2022-02-02 14:09:14,674 main Sort Manager Logger - Sorter Type: merge
FILE [INFO ] 2022-02-02 14:10:29,404 main Sort Manager Logger - Sorter Type: merge
FILE [INFO ] 2022-02-02 14:11:37,164 main Sort Manager Logger - Sorter Type: bubble
FILE [INFO ] 2022-02-02 14:12:09,572 main Sort Manager Logger - Sorter Type: merge
FILE [INFO ] 2022-02-02 14:14:17,794 main Sort Manager Logger - Sorter Type: bubble
FILE [INFO ] 2022-02-02 14:14:47,351 main Sort Manager Logger - Sorter Type: merge
FILE [INFO ] 2022-02-02 14:16:19,602 main Sort Manager Logger - Sorter Type: merge
FILE [INFO ] 2022-02-02 14:22:12,543 main Sort Manager Logger - Sorter Type: merge
FILE [INFO ] 2022-02-02 14:28:06,820 main Sort Manager Logger - Sorter Type: merge
FILE [INFO ] 2022-02-02 14:30:59,481 main Sort Manager Logger - Sorter Type: merge
FILE [INFO ] 2022-02-02 14:31:07,081 main Sort Manager Logger - Array: [-297251400, 1118106942, 1625439569, -900965269, 563539493, -933779032]
FILE [INFO ] 2022-02-02 14:31:07,108 main Sort Manager Logger - Sorting [-297251400, 1118106942, 1625439569, -900965269, 563539493, -933779032]
FILE [INFO ] 2022-02-02 14:31:07,118 main Sort Manager Logger - Arrays of sizes 3 and 3
FILE [INFO ] 2022-02-02 14:31:07,119 main Sort Manager Logger - Sorting [-297251400, 1118106942, 1625439569]
FILE [INFO ] 2022-02-02 14:31:07,120 main Sort Manager Logger - Arrays of sizes 2 and 1
FILE [INFO ] 2022-02-02 14:31:07,120 main Sort Manager Logger - Sorting [-297251400, 1118106942]
FILE [INFO ] 2022-02-02 14:31:07,121 main Sort Manager Logger - Arrays of sizes 1 and 1
FILE [INFO ] 2022-02-02 14:31:07,121 main Sort Manager Logger - Sorting [-297251400]
FILE [INFO ] 2022-02-02 14:31:07,122 main Sort Manager Logger - Sorting [1118106942]
FILE [INFO ] 2022-02-02 14:31:07,122 main Sort Manager Logger - Sorting [1625439569]
FILE [INFO ] 2022-02-02 14:31:07,122 main Sort Manager Logger - Sorting [-900965269, 563539493, -933779032]
FILE [INFO ] 2022-02-02 14:31:07,123 main Sort Manager Logger - Arrays of sizes 2 and 1
FILE [INFO ] 2022-02-02 14:31:07,123 main Sort Manager Logger - Sorting [-900965269, 563539493]
FILE [INFO ] 2022-02-02 14:31:07,124 main Sort Manager Logger - Arrays of sizes 1 and 1
FILE [INFO ] 2022-02-02 14:31:07,124 main Sort Manager Logger - Sorting [-900965269]
FILE [INFO ] 2022-02-02 14:31:07,124 main Sort Manager Logger - Sorting [563539493]
FILE [INFO ] 2022-02-02 14:31:07,125 main Sort Manager Logger - Sorting [-933779032]
FILE [INFO ] 2022-02-03 17:10:23,233 main Sort Manager Logger - Sorter Type: tree
FILE [INFO ] 2022-02-03 17:10:38,059 main Sort Manager Logger - Array: [6, 1, 4, 2, 5, 3, 2]
FILE [INFO ] 2022-02-03 17:36:21,253 main Sort Manager Logger - Sorter Type: tree
FILE [INFO ] 2022-02-03 17:36:35,653 main Sort Manager Logger - Array: [3, 6, 5, 1, 8]
FILE [INFO ] 2022-02-03 17:36:47,200 main Sort Manager Logger - Sorter Type: tree
FILE [INFO ] 2022-02-03 17:37:10,165 main Sort Manager Logger - Array: [4, 7, 2, 5, 1, 8, 5, 2]
FILE [INFO ] 2022-02-03 17:38:13,521 main Sort Manager Logger - Sorter Type: tree
FILE [INFO ] 2022-02-03 17:38:17,475 main Sort Manager Logger - Array: [2, 1, 2, 3]
FILE [INFO ] 2022-02-03 17:39:31,373 main Sort Manager Logger - Sorter Type: tree
FILE [INFO ] 2022-02-03 17:39:36,587 main Sort Manager Logger - Array: [2, 1, 2, 3]
FILE [INFO ] 2022-02-03 17:42:31,950 main Sort Manager Logger - Sorter Type: tree
FILE [INFO ] 2022-02-03 17:42:36,252 main Sort Manager Logger - Array: [2, 1, 2, 3]
FILE [INFO ] 2022-02-03 17:45:26,980 main Sort Manager Logger - Sorter Type: tree
FILE [INFO ] 2022-02-03 17:45:29,555 main Sort Manager Logger - Array: [2, 1, 2, 3]
FILE [INFO ] 2022-02-03 17:46:22,469 main Sort Manager Logger - Sorter Type: tree
FILE [INFO ] 2022-02-03 17:46:27,555 main Sort Manager Logger - Array: [2, 1, 2, 3]
FILE [INFO ] 2022-02-03 17:47:04,523 main Sort Manager Logger - Sorter Type: tree
FILE [INFO ] 2022-02-03 17:47:06,832 main Sort Manager Logger - Array: [2, 1, 2, 3]
FILE [INFO ] 2022-02-03 17:47:16,446 main Sort Manager Logger - Sorter Type: tree
FILE [INFO ] 2022-02-03 17:47:38,528 main Sort Manager Logger - Array: [6, 2, 4, 52, 6, 1, 5, 2, 6, 3, 41, 10, 11, 41, 3, 6]
FILE [INFO ] 2022-02-04 12:01:18,353 main Sort Manager Logger - Sorter Type: bubble
FILE [INFO ] 2022-02-04 12:01:48,621 main Sort Manager Logger - Sorter Type: bubble
FILE [INFO ] 2022-02-04 12:01:58,030 main Sort Manager Logger - Array: [4, 1, 88, 3, 653, 2, 67, 4]
FILE [INFO ] 2022-02-04 12:01:58,063 main Sort Manager Logger - Sorting [4, 1, 88, 3, 653, 2, 67, 4]
FILE [INFO ] 2022-02-04 12:02:43,198 main Sort Manager Logger - Sorter Type: bubble
FILE [INFO ] 2022-02-04 12:02:53,338 main Sort Manager Logger - Array: [6, 1, 35, 73, 2, 674, 346, 8465, 34, 6765, 45, 73]
FILE [INFO ] 2022-02-04 12:02:53,352 main Sort Manager Logger - Sorting [6, 1, 35, 73, 2, 674, 346, 8465, 34, 6765, 45, 73]
FILE [INFO ] 2022-02-04 12:04:29,560 main Sort Manager Logger - Sorter Type: bubble
FILE [INFO ] 2022-02-04 12:04:42,534 main Sort Manager Logger - Array: [4, 1, 3, 7, 23, 47, 5, 43, 67, 4, 3245, 75, 4]
FILE [INFO ] 2022-02-04 12:04:42,575 main Sort Manager Logger - Sorting [4, 1, 3, 7, 23, 47, 5, 43, 67, 4, 3245, 75, 4]
FILE [INFO ] 2022-02-04 12:05:40,584 main Sort Manager Logger - Sorter Type: bubble
FILE [INFO ] 2022-02-04 12:05:45,684 main Sort Manager Logger - Array: [4, 2, 6, 54, 1, 635, 6, 46, 46, 345, 7, 35, 42, 5]
FILE [INFO ] 2022-02-04 12:05:45,687 main Sort Manager Logger - Sorting [4, 2, 6, 54, 1, 635, 6, 46, 46, 345, 7, 35, 42, 5]
